<?xml version="1.0" encoding="UTF-8"?>
<testng-results ignored="0" total="1" passed="1" failed="0" skipped="0">
  <reporter-output>
  </reporter-output>
  <suite started-at="2022-02-23T02:18:19 IST" name="Default suite" finished-at="2022-02-23T02:18:51 IST" duration-ms="31838">
    <groups>
    </groups>
    <test started-at="2022-02-23T02:18:19 IST" name="Default test" finished-at="2022-02-23T02:18:51 IST" duration-ms="31838">
      <class name="Sample.HomePage">
        <test-method signature="flipkartapp()[pri:0, instance:Sample.HomePage@b9b00e0]" started-at="2022-02-23T02:18:19 IST" name="flipkartapp" finished-at="2022-02-23T02:18:51 IST" duration-ms="31744" status="PASS">
          <reporter-output>
          </reporter-output>
        </test-method> <!-- flipkartapp -->
      </class> <!-- Sample.HomePage -->
    </test> <!-- Default test -->
  </suite> <!-- Default suite -->
</testng-results>
