<?xml version="1.0" encoding="UTF-8"?>
<testng-results ignored="0" total="1" passed="1" failed="0" skipped="0">
  <reporter-output>
  </reporter-output>
  <suite started-at="2022-02-20T03:07:42 IST" name="Default suite" finished-at="2022-02-20T03:08:11 IST" duration-ms="28824">
    <groups>
    </groups>
    <test started-at="2022-02-20T03:07:42 IST" name="Default test" finished-at="2022-02-20T03:08:11 IST" duration-ms="28824">
      <class name="Sample.HomePage">
        <test-method signature="flipkartapp()[pri:0, instance:Sample.HomePage@316bcf94]" started-at="2022-02-20T03:07:42 IST" name="flipkartapp" finished-at="2022-02-20T03:08:11 IST" duration-ms="28752" status="PASS">
          <reporter-output>
          </reporter-output>
        </test-method> <!-- flipkartapp -->
      </class> <!-- Sample.HomePage -->
    </test> <!-- Default test -->
  </suite> <!-- Default suite -->
</testng-results>
